  Filtersmoothingc++.cpp
c:\users\shiohama a00\desktop\tmp\filter_smoothing\project1\project1\filtersmoothingc++.cpp(231): warning C4101: 'check_resample': ローカル変数は 1 度も使われていません。
c:\users\shiohama a00\desktop\tmp\filter_smoothing\project1\project1\filtersmoothingc++.cpp(340): warning C4138: 始まりのデリミターがない閉じのコメントデリミター (*/) が見つかりました。
c:\users\shiohama a00\desktop\tmp\filter_smoothing\project1\project1\filtersmoothingc++.cpp(348): warning C4138: 始まりのデリミターがない閉じのコメントデリミター (*/) が見つかりました。
c:\users\shiohama a00\desktop\tmp\filter_smoothing\project1\project1\filtersmoothingc++.cpp(357): warning C4101: 'l': ローカル変数は 1 度も使われていません。
c:\users\shiohama a00\desktop\tmp\filter_smoothing\project1\project1\filtersmoothingc++.cpp(358): warning C4101: 'Now_Q': ローカル変数は 1 度も使われていません。
c:\users\shiohama a00\desktop\tmp\filter_smoothing\project1\project1\filtersmoothingc++.cpp(416): warning C4101: 'n2': ローカル変数は 1 度も使われていません。
c:\users\shiohama a00\desktop\tmp\filter_smoothing\project1\project1\filtersmoothingc++.cpp(416): warning C4101: 'l': ローカル変数は 1 度も使われていません。
c:\users\shiohama a00\desktop\tmp\filter_smoothing\project1\project1\filtersmoothingc++.cpp(417): warning C4101: 'Now_Q': ローカル変数は 1 度も使われていません。
c:\users\shiohama a00\desktop\tmp\filter_smoothing\project1\project1\filtersmoothingc++.cpp(457): warning C4101: 'n2': ローカル変数は 1 度も使われていません。
c:\users\shiohama a00\desktop\tmp\filter_smoothing\project1\project1\filtersmoothingc++.cpp(457): warning C4101: 'l': ローカル変数は 1 度も使われていません。
c:\users\shiohama a00\desktop\tmp\filter_smoothing\project1\project1\filtersmoothingc++.cpp(458): warning C4101: 'Now_Q': ローカル変数は 1 度も使われていません。
c:\users\shiohama a00\desktop\tmp\filter_smoothing\project1\project1\filtersmoothingc++.cpp(490): warning C4101: 'n2': ローカル変数は 1 度も使われていません。
c:\users\shiohama a00\desktop\tmp\filter_smoothing\project1\project1\filtersmoothingc++.cpp(490): warning C4101: 'l': ローカル変数は 1 度も使われていません。
c:\users\shiohama a00\desktop\tmp\filter_smoothing\project1\project1\filtersmoothingc++.cpp(491): warning C4101: 'Now_Q': ローカル変数は 1 度も使われていません。
c:\users\shiohama a00\desktop\tmp\filter_smoothing\project1\project1\filtersmoothingc++.cpp(490): warning C4101: 't': ローカル変数は 1 度も使われていません。
c:\users\shiohama a00\desktop\tmp\filter_smoothing\project1\project1\filtersmoothingc++.cpp(528): warning C4101: 'i': ローカル変数は 1 度も使われていません。
c:\users\shiohama a00\desktop\tmp\filter_smoothing\project1\project1\filtersmoothingc++.cpp(635): warning C4473: 'fprintf': 書式文字列として渡された引数が不足しています
  c:\users\shiohama a00\desktop\tmp\filter_smoothing\project1\project1\filtersmoothingc++.cpp(635): note: プレースホルダーとそのパラメーターには 4 の可変個引数が必要ですが、3 が指定されています。
  c:\users\shiohama a00\desktop\tmp\filter_smoothing\project1\project1\filtersmoothingc++.cpp(635): note: 不足している可変個引数 4 が書式文字列 '%f' に必要です
c:\users\shiohama a00\desktop\tmp\filter_smoothing\project1\project1\filtersmoothingc++.cpp(647): warning C4473: 'printf': 書式文字列として渡された引数が不足しています
  c:\users\shiohama a00\desktop\tmp\filter_smoothing\project1\project1\filtersmoothingc++.cpp(647): note: プレースホルダーとそのパラメーターには 5 の可変個引数が必要ですが、4 が指定されています。
  c:\users\shiohama a00\desktop\tmp\filter_smoothing\project1\project1\filtersmoothingc++.cpp(647): note: 不足している可変個引数 5 が書式文字列 '%f' に必要です
c:\users\shiohama a00\desktop\tmp\filter_smoothing\project1\project1\filtersmoothingc++.cpp(648): warning C4473: 'fprintf': 書式文字列として渡された引数が不足しています
  c:\users\shiohama a00\desktop\tmp\filter_smoothing\project1\project1\filtersmoothingc++.cpp(648): note: プレースホルダーとそのパラメーターには 5 の可変個引数が必要ですが、4 が指定されています。
  c:\users\shiohama a00\desktop\tmp\filter_smoothing\project1\project1\filtersmoothingc++.cpp(648): note: 不足している可変個引数 5 が書式文字列 '%f' に必要です
c:\users\shiohama a00\desktop\tmp\filter_smoothing\project1\project1\filtersmoothingc++.cpp(675): warning C4473: 'printf': 書式文字列として渡された引数が不足しています
  c:\users\shiohama a00\desktop\tmp\filter_smoothing\project1\project1\filtersmoothingc++.cpp(675): note: プレースホルダーとそのパラメーターには 6 の可変個引数が必要ですが、5 が指定されています。
  c:\users\shiohama a00\desktop\tmp\filter_smoothing\project1\project1\filtersmoothingc++.cpp(675): note: 不足している可変個引数 6 が書式文字列 '%f' に必要です
c:\users\shiohama a00\desktop\tmp\filter_smoothing\project1\project1\filtersmoothingc++.cpp(676): warning C4473: 'fprintf': 書式文字列として渡された引数が不足しています
  c:\users\shiohama a00\desktop\tmp\filter_smoothing\project1\project1\filtersmoothingc++.cpp(676): note: プレースホルダーとそのパラメーターには 6 の可変個引数が必要ですが、5 が指定されています。
  c:\users\shiohama a00\desktop\tmp\filter_smoothing\project1\project1\filtersmoothingc++.cpp(676): note: 不足している可変個引数 6 が書式文字列 '%f' に必要です
c:\users\shiohama a00\desktop\tmp\filter_smoothing\project1\project1\filtersmoothingc++.cpp(590): warning C4101: 'n': ローカル変数は 1 度も使われていません。
  Project1.vcxproj -> C:\Users\shiohama a00\Desktop\tmp\Filter_smoothing\Project1\Debug\Project1.exe
  Project1.vcxproj -> C:\Users\shiohama a00\Desktop\tmp\Filter_smoothing\Project1\Debug\Project1.pdb (Partial PDB)
